20211005 04:24:57 ZookeeperClient::ZookeeperClient(192.168.2.209:2181,30000,0)
20211005 04:24:57 ZookeeperClient::connectServer()
20211005 04:24:58 ZookeeperClient::sessionWatcher(zh=104bfa0,type=ZOO_SESSION_EVENT,state=3)
20211005 04:24:58 ZookeeperClient::connectingSessionWatcher()
20211005 04:27:00 ZookeeperClient::ZookeeperClient(192.168.2.209:2181,30000,0)
20211005 04:27:00 ZookeeperClient::connectServer()
20211005 04:27:00 ZookeeperClient::sessionWatcher(zh=104c150,type=ZOO_SESSION_EVENT,state=3)
20211005 04:27:00 ZookeeperClient::connectingSessionWatcher()
20211005 04:30:16 ZookeeperClient::sessionWatcher(zh=104c150,type=ZOO_SESSION_EVENT,state=1)
20211009 22:07:22 ZookeeperClient::ZookeeperClient(192.168.2.209:2181,30000,0)
20211009 22:07:22 ZookeeperClient::connectServer()
20211009 22:11:19 ZookeeperClient::ZookeeperClient(192.168.2.209:2181,30000,0)
20211009 22:11:19 ZookeeperClient::connectServer()
20211009 22:11:19 ZookeeperClient::sessionWatcher(zh=104bfa0,type=ZOO_SESSION_EVENT,state=3)
20211009 22:11:19 ZookeeperClient::connectingSessionWatcher()
20211009 22:18:32 ZookeeperClient::ZookeeperClient(192.168.2.209:2181,30000,0)
20211009 22:18:32 ZookeeperClient::connectServer()
20211009 22:18:33 ZookeeperClient::sessionWatcher(zh=104bfa0,type=ZOO_SESSION_EVENT,state=3)
20211009 22:18:33 ZookeeperClient::connectingSessionWatcher()
20211009 22:31:35 ZookeeperClient::ZookeeperClient(192.168.2.209:2181,30000,0)
20211009 22:31:35 ZookeeperClient::connectServer()
20211009 22:31:35 ZookeeperClient::sessionWatcher(zh=104bfa0,type=ZOO_SESSION_EVENT,state=3)
20211009 22:31:35 ZookeeperClient::connectingSessionWatcher()
20211009 23:16:28 ZookeeperClient::ZookeeperClient(192.168.2.209:2181,30000,0)
20211009 23:16:28 ZookeeperClient::connectServer()
20211009 23:16:28 ZookeeperClient::sessionWatcher(zh=104bfa0,type=ZOO_SESSION_EVENT,state=3)
20211009 23:16:28 ZookeeperClient::connectingSessionWatcher()
20211009 23:27:48 ZookeeperClient::sessionWatcher(zh=104bfa0,type=ZOO_SESSION_EVENT,state=1)
20211009 23:27:48 ZookeeperClient::connectingSessionWatcher()
20211009 23:27:48 ZookeeperClient::sessionWatcher(zh=104bfa0,type=ZOO_SESSION_EVENT,state=-112)
20211009 23:27:48 ZookeeperClient::connectingSessionWatcher()
20211009 23:27:48 ZookeeperClient::reConnectServer()
20211009 23:27:48 ZookeeperClient::closeServer()
20211009 23:27:48 ZookeeperClient::connectServer()
20211009 23:27:48 ZookeeperClient::sessionWatcher(zh=dc000d00,type=ZOO_SESSION_EVENT,state=3)
20211009 23:27:48 ZookeeperClient::connectingSessionWatcher()
20211009 23:29:31 ZookeeperClient::ZookeeperClient(192.168.2.209:2181,30000,0)
20211009 23:29:31 ZookeeperClient::connectServer()
20211009 23:29:31 ZookeeperClient::sessionWatcher(zh=104bfa0,type=ZOO_SESSION_EVENT,state=3)
20211009 23:29:31 ZookeeperClient::connectingSessionWatcher()
20211018 16:43:06 ZookeeperClient::ZookeeperClient(192.168.2.209:2181,30000,0)
20211018 16:43:06 ZookeeperClient::connectServer()
20211018 16:43:36 ZookeeperClient::ZookeeperClient(192.168.2.209:2181,30000,0)
20211018 16:43:36 ZookeeperClient::connectServer()
20211018 16:44:33 ZookeeperClient::ZookeeperClient(192.168.2.209:2181,30000,0)
20211018 16:44:33 ZookeeperClient::connectServer()
20211018 16:45:03 ZookeeperClient::ZookeeperClient(192.168.2.209:2181,30000,0)
20211018 16:45:03 ZookeeperClient::connectServer()
20211018 16:45:03 ZookeeperClient::sessionWatcher(zh=104bfa0,type=ZOO_SESSION_EVENT,state=3)
20211018 16:45:03 ZookeeperClient::connectingSessionWatcher()
20211018 16:51:19 ZookeeperClient::sessionWatcher(zh=104bfa0,type=ZOO_SESSION_EVENT,state=1)
20211018 16:51:19 ZookeeperClient::connectingSessionWatcher()
20211018 16:51:25 ZookeeperClient::sessionWatcher(zh=104bfa0,type=ZOO_SESSION_EVENT,state=-112)
20211018 16:51:25 ZookeeperClient::connectingSessionWatcher()
20211018 16:51:25 ZookeeperClient::reConnectServer()
20211018 16:51:25 ZookeeperClient::closeServer()
20211018 16:51:25 ZookeeperClient::connectServer()
20211018 16:51:25 ZookeeperClient::sessionWatcher(zh=dc000d00,type=ZOO_SESSION_EVENT,state=3)
20211018 16:51:25 ZookeeperClient::connectingSessionWatcher()
20211018 16:53:01 ZookeeperClient::ZookeeperClient(192.168.2.209:2181,30000,0)
20211018 16:53:01 ZookeeperClient::connectServer()
20211018 16:53:02 ZookeeperClient::sessionWatcher(zh=104bfa0,type=ZOO_SESSION_EVENT,state=3)
20211018 16:53:02 ZookeeperClient::connectingSessionWatcher()
20211018 16:53:38 ZookeeperClient::sessionWatcher(zh=104bfa0,type=ZOO_SESSION_EVENT,state=1)
20211018 16:53:38 ZookeeperClient::connectingSessionWatcher()
20211018 16:53:43 ZookeeperClient::sessionWatcher(zh=104bfa0,type=ZOO_SESSION_EVENT,state=3)
20211018 16:53:43 ZookeeperClient::connectingSessionWatcher()
20211018 16:53:55 ZookeeperClient::ZookeeperClient(192.168.2.209:2181,30000,0)
20211018 16:53:55 ZookeeperClient::connectServer()
20211018 16:53:56 ZookeeperClient::sessionWatcher(zh=104bfa0,type=ZOO_SESSION_EVENT,state=3)
20211018 16:53:56 ZookeeperClient::connectingSessionWatcher()
20211018 16:55:28 ZookeeperClient::ZookeeperClient(192.168.2.209:2181,30000,0)
20211018 16:55:28 ZookeeperClient::connectServer()
20211018 16:55:28 ZookeeperClient::sessionWatcher(zh=104bfa0,type=ZOO_SESSION_EVENT,state=3)
20211018 16:55:28 ZookeeperClient::connectingSessionWatcher()
20211018 16:56:07 ZookeeperClient::sessionWatcher(zh=104bfa0,type=ZOO_SESSION_EVENT,state=1)
20211018 16:56:07 ZookeeperClient::connectingSessionWatcher()
20211018 16:56:07 ZookeeperClient::sessionWatcher(zh=104bfa0,type=ZOO_SESSION_EVENT,state=-112)
20211018 16:56:07 ZookeeperClient::connectingSessionWatcher()
20211018 16:56:08 ZookeeperClient::reConnectServer()
20211018 16:56:08 ZookeeperClient::closeServer()
20211018 16:56:08 ZookeeperClient::connectServer()
20211018 16:56:09 ZookeeperClient::sessionWatcher(zh=dc000d00,type=ZOO_SESSION_EVENT,state=3)
20211018 16:56:09 ZookeeperClient::connectingSessionWatcher()
20211018 16:57:11 ZookeeperClient::sessionWatcher(zh=dc000d00,type=ZOO_SESSION_EVENT,state=1)
20211018 16:57:11 ZookeeperClient::connectingSessionWatcher()
20211018 16:57:11 ZookeeperClient::sessionWatcher(zh=dc000d00,type=ZOO_SESSION_EVENT,state=-112)
20211018 16:57:11 ZookeeperClient::connectingSessionWatcher()
20211018 16:57:13 ZookeeperClient::reConnectServer()
20211018 16:57:13 ZookeeperClient::closeServer()
20211018 16:57:13 ZookeeperClient::connectServer()
20211018 16:57:13 ZookeeperClient::sessionWatcher(zh=e4000b00,type=ZOO_SESSION_EVENT,state=3)
20211018 16:57:13 ZookeeperClient::connectingSessionWatcher()
20211018 16:57:49 ZookeeperClient::ZookeeperClient(192.168.2.209:2181,30000,0)
20211018 16:57:49 ZookeeperClient::connectServer()
20211018 16:57:49 ZookeeperClient::sessionWatcher(zh=104bfa0,type=ZOO_SESSION_EVENT,state=3)
20211018 16:57:49 ZookeeperClient::connectingSessionWatcher()
20211018 17:00:20 ZookeeperClient::ZookeeperClient(192.168.2.209:2181,30000,0)
20211018 17:00:20 ZookeeperClient::connectServer()
20211018 17:00:20 ZookeeperClient::sessionWatcher(zh=104c150,type=ZOO_SESSION_EVENT,state=3)
20211018 17:00:20 ZookeeperClient::connectingSessionWatcher()
20211018 17:02:00 ZookeeperClient::ZookeeperClient(192.168.2.209:2181,30000,0)
20211018 17:02:00 ZookeeperClient::connectServer()
20211018 17:02:01 ZookeeperClient::sessionWatcher(zh=104bfa0,type=ZOO_SESSION_EVENT,state=3)
20211018 17:02:01 ZookeeperClient::connectingSessionWatcher()
20211018 17:02:28 ZookeeperClient::ZookeeperClient(192.168.2.209:2181,30000,0)
20211018 17:02:28 ZookeeperClient::connectServer()
20211018 17:02:28 ZookeeperClient::sessionWatcher(zh=104bfa0,type=ZOO_SESSION_EVENT,state=3)
20211018 17:02:29 ZookeeperClient::connectingSessionWatcher()
20211117 00:04:15 ZookeeperClient::ZookeeperClient(192.168.2.209:2181,30000,0)
20211117 00:04:15 ZookeeperClient::connectServer()
20211117 00:04:15 ZookeeperClient::sessionWatcher(zh=103fb20,type=ZOO_SESSION_EVENT,state=3)
20211117 00:04:15 ZookeeperClient::connectingSessionWatcher()
20211117 00:06:02 ZookeeperClient::ZookeeperClient(192.168.2.209:2181,30000,0)
20211117 00:06:02 ZookeeperClient::connectServer()
20211117 00:06:02 ZookeeperClient::sessionWatcher(zh=103fb20,type=ZOO_SESSION_EVENT,state=3)
20211117 00:06:02 ZookeeperClient::connectingSessionWatcher()
20211117 00:17:58 ZookeeperClient::ZookeeperClient(192.168.2.209:2181,30000,0)
20211117 00:17:58 ZookeeperClient::connectServer()
20211117 00:17:59 ZookeeperClient::sessionWatcher(zh=103fd00,type=ZOO_SESSION_EVENT,state=3)
20211117 00:17:59 ZookeeperClient::connectingSessionWatcher()
20211117 00:18:24 ZookeeperClient::ZookeeperClient(192.168.2.209:2181,30000,0)
20211117 00:18:24 ZookeeperClient::connectServer()
20211117 00:18:25 ZookeeperClient::sessionWatcher(zh=103fb20,type=ZOO_SESSION_EVENT,state=3)
20211117 00:18:25 ZookeeperClient::connectingSessionWatcher()
20211117 00:19:11 ZookeeperClient::ZookeeperClient(192.168.2.209:2181,30000,0)
20211117 00:19:11 ZookeeperClient::connectServer()
20211117 00:19:11 ZookeeperClient::sessionWatcher(zh=103fb20,type=ZOO_SESSION_EVENT,state=3)
20211117 00:19:11 ZookeeperClient::connectingSessionWatcher()
20211117 00:20:28 ZookeeperClient::ZookeeperClient(192.168.2.209:2181,30000,0)
20211117 00:20:28 ZookeeperClient::connectServer()
20211117 00:20:29 ZookeeperClient::sessionWatcher(zh=103fb20,type=ZOO_SESSION_EVENT,state=3)
20211117 00:20:29 ZookeeperClient::connectingSessionWatcher()
20211117 00:21:55 ZookeeperClient::ZookeeperClient(192.168.2.209:2181,30000,0)
20211117 00:21:55 ZookeeperClient::connectServer()
20211117 00:21:55 ZookeeperClient::sessionWatcher(zh=103fd00,type=ZOO_SESSION_EVENT,state=3)
20211117 00:21:55 ZookeeperClient::connectingSessionWatcher()
20211117 00:24:49 ZookeeperClient::ZookeeperClient(192.168.2.209:2181,30000,0)
20211117 00:24:49 ZookeeperClient::connectServer()
20211117 00:24:50 ZookeeperClient::sessionWatcher(zh=103fb20,type=ZOO_SESSION_EVENT,state=3)
20211117 00:24:50 ZookeeperClient::connectingSessionWatcher()
20211117 00:26:36 ZookeeperClient::ZookeeperClient(192.168.2.209:2181,30000,0)
20211117 00:26:36 ZookeeperClient::connectServer()
20211117 00:26:37 ZookeeperClient::sessionWatcher(zh=103fb20,type=ZOO_SESSION_EVENT,state=3)
20211117 00:26:37 ZookeeperClient::connectingSessionWatcher()
20211117 00:27:48 ZookeeperClient::sessionWatcher(zh=103fb20,type=ZOO_SESSION_EVENT,state=1)
20211117 00:27:48 ZookeeperClient::connectingSessionWatcher()
20211117 00:27:49 ZookeeperClient::sessionWatcher(zh=103fb20,type=ZOO_SESSION_EVENT,state=-112)
20211117 00:27:49 ZookeeperClient::connectingSessionWatcher()
20211117 00:27:49 ZookeeperClient::reConnectServer()
20211117 00:27:49 ZookeeperClient::closeServer()
20211117 00:27:49 ZookeeperClient::connectServer()
20211117 00:27:52 ZookeeperClient::sessionWatcher(zh=dc000d00,type=ZOO_SESSION_EVENT,state=3)
20211117 00:27:53 ZookeeperClient::connectingSessionWatcher()
20211117 00:28:54 ZookeeperClient::ZookeeperClient(192.168.2.209:2181,30000,0)
20211117 00:28:54 ZookeeperClient::connectServer()
20211117 00:28:54 ZookeeperClient::sessionWatcher(zh=103fb20,type=ZOO_SESSION_EVENT,state=3)
20211117 00:28:54 ZookeeperClient::connectingSessionWatcher()
20211117 00:29:39 ZookeeperClient::ZookeeperClient(192.168.2.209:2181,30000,0)
20211117 00:29:39 ZookeeperClient::connectServer()
20211117 00:29:40 ZookeeperClient::sessionWatcher(zh=103fb20,type=ZOO_SESSION_EVENT,state=3)
20211117 00:29:40 ZookeeperClient::connectingSessionWatcher()
20211117 00:30:53 ZookeeperClient::ZookeeperClient(192.168.2.209:2181,30000,0)
20211117 00:30:53 ZookeeperClient::connectServer()
20211117 00:30:54 ZookeeperClient::sessionWatcher(zh=103fb20,type=ZOO_SESSION_EVENT,state=3)
20211117 00:30:54 ZookeeperClient::connectingSessionWatcher()
20211117 00:32:21 ZookeeperClient::sessionWatcher(zh=103fb20,type=ZOO_SESSION_EVENT,state=1)
20211117 00:32:21 ZookeeperClient::connectingSessionWatcher()
20211117 00:32:21 ZookeeperClient::sessionWatcher(zh=103fb20,type=ZOO_SESSION_EVENT,state=-112)
20211117 00:32:21 ZookeeperClient::connectingSessionWatcher()
20211117 00:32:25 ZookeeperClient::reConnectServer()
20211117 00:32:25 ZookeeperClient::closeServer()
20211117 00:32:25 ZookeeperClient::connectServer()
20211117 00:32:26 ZookeeperClient::existsNode, but zkhandle=NULL,reconnect...
20211117 00:32:28 ZookeeperClient::reConnectServer()
20211117 00:32:30 ZookeeperClient::closeServer()
20211117 00:32:37 ZookeeperClient::connectServer()
20211117 00:32:40 ZookeeperClient::sessionWatcher(zh=103fb20,type=ZOO_SESSION_EVENT,state=3)
20211117 00:32:40 ZookeeperClient::connectingSessionWatcher()
20211117 00:34:45 ZookeeperClient::ZookeeperClient(192.168.2.209:2181,30000,0)
20211117 00:34:45 ZookeeperClient::connectServer()
20211117 00:34:45 ZookeeperClient::sessionWatcher(zh=103fb20,type=ZOO_SESSION_EVENT,state=3)
20211117 00:34:45 ZookeeperClient::connectingSessionWatcher()
20211117 00:35:32 ZookeeperClient::ZookeeperClient(192.168.2.209:2181,30000,0)
20211117 00:35:32 ZookeeperClient::connectServer()
20211117 00:35:33 ZookeeperClient::sessionWatcher(zh=103fb20,type=ZOO_SESSION_EVENT,state=3)
20211117 00:35:33 ZookeeperClient::connectingSessionWatcher()
20211117 00:37:35 ZookeeperClient::ZookeeperClient(192.168.2.209:2181,30000,0)
20211117 00:37:35 ZookeeperClient::connectServer()
20211117 00:41:52 ZookeeperClient::ZookeeperClient(192.168.2.209:2181,30000,0)
20211117 00:41:52 ZookeeperClient::connectServer()
20211117 00:41:53 ZookeeperClient::sessionWatcher(zh=103fb20,type=ZOO_SESSION_EVENT,state=3)
20211117 00:41:53 ZookeeperClient::connectingSessionWatcher()
20211117 00:44:33 ZookeeperClient::ZookeeperClient(192.168.2.209:2181,30000,0)
20211117 00:44:33 ZookeeperClient::connectServer()
20211117 00:45:11 ZookeeperClient::ZookeeperClient(192.168.2.209:2181,30000,0)
20211117 00:45:11 ZookeeperClient::connectServer()
20211117 00:45:11 ZookeeperClient::sessionWatcher(zh=103fb20,type=ZOO_SESSION_EVENT,state=3)
20211117 00:45:11 ZookeeperClient::connectingSessionWatcher()
20211117 00:45:56 ZookeeperClient::sessionWatcher(zh=103fb20,type=ZOO_SESSION_EVENT,state=1)
20211117 00:46:09 ZookeeperClient::connectingSessionWatcher()
20211117 00:46:13 ZookeeperClient::sessionWatcher(zh=103fb20,type=ZOO_SESSION_EVENT,state=-112)
20211117 00:46:13 ZookeeperClient::connectingSessionWatcher()
20211117 00:46:13 ZookeeperClient::reConnectServer()
20211117 00:46:13 ZookeeperClient::closeServer()
20211117 00:46:13 ZookeeperClient::connectServer()
20211117 00:46:48 ZookeeperClient::ZookeeperClient(192.168.2.209:2181,30000,0)
20211117 00:46:48 ZookeeperClient::connectServer()
20211117 00:46:48 ZookeeperClient::sessionWatcher(zh=103fb20,type=ZOO_SESSION_EVENT,state=3)
20211117 00:46:48 ZookeeperClient::connectingSessionWatcher()
20211117 00:47:46 ZookeeperClient::sessionWatcher(zh=103fb20,type=ZOO_SESSION_EVENT,state=1)
20211117 00:47:46 ZookeeperClient::connectingSessionWatcher()
20211117 00:47:56 ZookeeperClient::sessionWatcher(zh=103fb20,type=ZOO_SESSION_EVENT,state=-112)
20211117 00:47:58 ZookeeperClient::connectingSessionWatcher()
20211117 00:47:58 ZookeeperClient::reConnectServer()
20211117 00:47:58 ZookeeperClient::closeServer()
20211117 00:47:58 ZookeeperClient::connectServer()
20211117 00:59:48 ZookeeperClient::ZookeeperClient(192.168.2.209:2181,30000,0)
20211117 00:59:48 ZookeeperClient::connectServer()
20211117 00:59:49 ZookeeperClient::sessionWatcher(zh=103fb20,type=ZOO_SESSION_EVENT,state=3)
20211117 00:59:49 ZookeeperClient::connectingSessionWatcher()
20211117 01:03:02 ZookeeperClient::ZookeeperClient(192.168.2.209:2181,30000,0)
20211117 01:03:02 ZookeeperClient::connectServer()
20211117 01:03:02 ZookeeperClient::sessionWatcher(zh=103fb20,type=ZOO_SESSION_EVENT,state=3)
20211117 01:03:02 ZookeeperClient::connectingSessionWatcher()
20211117 01:04:01 ZookeeperClient::ZookeeperClient(192.168.2.209:2181,30000,0)
20211117 01:04:01 ZookeeperClient::connectServer()
20211117 01:04:02 ZookeeperClient::sessionWatcher(zh=103fb20,type=ZOO_SESSION_EVENT,state=3)
20211117 01:04:02 ZookeeperClient::connectingSessionWatcher()
20211117 01:05:55 ZookeeperClient::sessionWatcher(zh=103fb20,type=ZOO_SESSION_EVENT,state=1)
20211117 01:06:03 ZookeeperClient::connectingSessionWatcher()
20211117 01:06:03 ZookeeperClient::sessionWatcher(zh=103fb20,type=ZOO_SESSION_EVENT,state=-112)
20211117 01:06:04 ZookeeperClient::connectingSessionWatcher()
20211117 01:06:04 ZookeeperClient::reConnectServer()
20211117 01:06:04 ZookeeperClient::closeServer()
20211117 01:06:13 ZookeeperClient::connectServer()
20211117 01:06:27 ZookeeperClient::sessionWatcher(zh=dc000d00,type=ZOO_SESSION_EVENT,state=3)
20211117 01:06:28 ZookeeperClient::connectingSessionWatcher()
20211117 01:09:07 ZookeeperClient::sessionWatcher(zh=dc000d00,type=ZOO_SESSION_EVENT,state=1)
20211117 01:09:07 ZookeeperClient::connectingSessionWatcher()
20211117 01:09:08 ZookeeperClient::sessionWatcher(zh=dc000d00,type=ZOO_SESSION_EVENT,state=-112)
20211117 01:09:08 ZookeeperClient::connectingSessionWatcher()
20211117 01:09:09 ZookeeperClient::reConnectServer()
20211117 01:09:11 ZookeeperClient::closeServer()
20211117 01:09:11 ZookeeperClient::connectServer()
20211117 01:13:49 ZookeeperClient::ZookeeperClient(192.168.2.209:2181,30000,0)
20211117 01:13:49 ZookeeperClient::connectServer()
20211117 01:13:49 ZookeeperClient::sessionWatcher(zh=103fd00,type=ZOO_SESSION_EVENT,state=3)
20211117 01:13:49 ZookeeperClient::connectingSessionWatcher()
20211117 01:15:42 ZookeeperClient::ZookeeperClient(192.168.2.209:2181,30000,0)
20211117 01:15:42 ZookeeperClient::connectServer()
20211117 01:15:42 ZookeeperClient::sessionWatcher(zh=103fb20,type=ZOO_SESSION_EVENT,state=3)
20211117 01:15:42 ZookeeperClient::connectingSessionWatcher()
20211117 01:18:32 ZookeeperClient::ZookeeperClient(192.168.2.209:2181,30000,0)
20211117 01:18:32 ZookeeperClient::connectServer()
20211117 01:18:33 ZookeeperClient::sessionWatcher(zh=103fb20,type=ZOO_SESSION_EVENT,state=3)
20211117 01:18:33 ZookeeperClient::connectingSessionWatcher()
20211117 01:20:20 ZookeeperClient::ZookeeperClient(192.168.2.209:2181,30000,0)
20211117 01:20:20 ZookeeperClient::connectServer()
20211117 01:20:21 ZookeeperClient::sessionWatcher(zh=103fb20,type=ZOO_SESSION_EVENT,state=3)
20211117 01:20:21 ZookeeperClient::connectingSessionWatcher()
20211117 01:22:26 ZookeeperClient::ZookeeperClient(192.168.2.209:2181,30000,0)
20211117 01:22:26 ZookeeperClient::connectServer()
20211117 01:22:27 ZookeeperClient::sessionWatcher(zh=103fb20,type=ZOO_SESSION_EVENT,state=3)
20211117 01:22:27 ZookeeperClient::connectingSessionWatcher()
20211117 01:26:46 ZookeeperClient::sessionWatcher(zh=103fb20,type=ZOO_SESSION_EVENT,state=1)
20211117 01:26:48 ZookeeperClient::connectingSessionWatcher()
20211117 01:26:50 ZookeeperClient::sessionWatcher(zh=103fb20,type=ZOO_SESSION_EVENT,state=-112)
20211117 01:26:52 ZookeeperClient::connectingSessionWatcher()
20211117 01:26:54 ZookeeperClient::reConnectServer()
20211117 01:26:54 ZookeeperClient::closeServer()
20211117 01:26:54 ZookeeperClient::connectServer()
20211117 01:27:00 ZookeeperClient::sessionWatcher(zh=dc000d00,type=ZOO_SESSION_EVENT,state=3)
20211117 01:27:01 ZookeeperClient::connectingSessionWatcher()
20211117 01:29:37 ZookeeperClient::ZookeeperClient(192.168.2.209:2181,30000,0)
20211117 01:29:37 ZookeeperClient::connectServer()
20211117 01:29:38 ZookeeperClient::sessionWatcher(zh=103fd00,type=ZOO_SESSION_EVENT,state=3)
20211117 01:29:38 ZookeeperClient::connectingSessionWatcher()
20211117 02:29:03 ZookeeperClient::ZookeeperClient(192.168.2.209:2181,30000,0)
20211117 02:29:03 ZookeeperClient::connectServer()
20211117 02:29:04 ZookeeperClient::sessionWatcher(zh=103fb20,type=ZOO_SESSION_EVENT,state=3)
20211117 02:29:04 ZookeeperClient::connectingSessionWatcher()
20211117 02:31:03 ZookeeperClient::ZookeeperClient(192.168.2.209:2181,30000,0)
20211117 02:31:03 ZookeeperClient::connectServer()
20211117 02:31:03 ZookeeperClient::sessionWatcher(zh=103fb20,type=ZOO_SESSION_EVENT,state=3)
20211117 02:31:03 ZookeeperClient::connectingSessionWatcher()
20211117 02:37:40 ZookeeperClient::ZookeeperClient(192.168.2.209:2181,30000,0)
20211117 02:37:40 ZookeeperClient::connectServer()
20211117 02:37:40 ZookeeperClient::sessionWatcher(zh=103fb20,type=ZOO_SESSION_EVENT,state=3)
20211117 02:37:40 ZookeeperClient::connectingSessionWatcher()
20211117 02:48:31 ZookeeperClient::ZookeeperClient(192.168.2.209:2181,30000,0)
20211117 02:48:31 ZookeeperClient::connectServer()
20211117 02:48:56 ZookeeperClient::ZookeeperClient(192.168.2.209:2181,30000,0)
20211117 02:48:56 ZookeeperClient::connectServer()
20211117 02:48:57 ZookeeperClient::sessionWatcher(zh=103fb20,type=ZOO_SESSION_EVENT,state=3)
20211117 02:48:57 ZookeeperClient::connectingSessionWatcher()
20211117 02:53:25 ZookeeperClient::ZookeeperClient(192.168.2.209:2181,30000,0)
20211117 02:53:25 ZookeeperClient::connectServer()
20211117 02:53:26 ZookeeperClient::sessionWatcher(zh=103fb20,type=ZOO_SESSION_EVENT,state=3)
20211117 02:53:26 ZookeeperClient::connectingSessionWatcher()
20211117 02:59:01 ZookeeperClient::ZookeeperClient(192.168.2.209:2181,30000,0)
20211117 02:59:01 ZookeeperClient::connectServer()
20211117 02:59:02 ZookeeperClient::sessionWatcher(zh=103fb20,type=ZOO_SESSION_EVENT,state=3)
20211117 02:59:02 ZookeeperClient::connectingSessionWatcher()
20211128 02:56:59 ZookeeperClient::ZookeeperClient(192.168.2.209:2181,30000,0)
20211128 02:56:59 ZookeeperClient::connectServer()
20211128 02:57:00 ZookeeperClient::sessionWatcher(zh=103fb20,type=ZOO_SESSION_EVENT,state=3)
20211128 02:57:00 ZookeeperClient::connectingSessionWatcher()
20211128 03:00:00 ZookeeperClient::sessionWatcher(zh=103fb20,type=ZOO_SESSION_EVENT,state=1)
20211128 03:00:00 ZookeeperClient::connectingSessionWatcher()
20211128 03:02:27 ZookeeperClient::sessionWatcher(zh=103fb20,type=ZOO_SESSION_EVENT,state=-112)
20211128 03:02:28 ZookeeperClient::connectingSessionWatcher()
20211128 03:02:28 ZookeeperClient::reConnectServer()
20211128 03:02:28 ZookeeperClient::closeServer()
20211128 03:02:29 ZookeeperClient::connectServer()
20211128 03:02:30 ZookeeperClient::sessionWatcher(zh=dc000d00,type=ZOO_SESSION_EVENT,state=3)
20211128 03:02:31 ZookeeperClient::connectingSessionWatcher()
20211128 03:03:52 ZookeeperClient::sessionWatcher(zh=dc000d00,type=ZOO_SESSION_EVENT,state=1)
20211128 03:03:58 ZookeeperClient::connectingSessionWatcher()
20211128 03:04:46 ZookeeperClient::sessionWatcher(zh=dc000d00,type=ZOO_SESSION_EVENT,state=-112)
20211128 03:04:46 ZookeeperClient::connectingSessionWatcher()
20211128 03:04:46 ZookeeperClient::reConnectServer()
20211128 03:04:46 ZookeeperClient::closeServer()
20211128 03:04:46 ZookeeperClient::connectServer()
20211128 03:04:46 ZookeeperClient::sessionWatcher(zh=e4000e00,type=ZOO_SESSION_EVENT,state=3)
20211128 03:04:46 ZookeeperClient::connectingSessionWatcher()
20211128 03:06:14 ZookeeperClient::ZookeeperClient(192.168.2.209:2181,30000,0)
20211128 03:06:14 ZookeeperClient::connectServer()
20211128 03:06:14 ZookeeperClient::sessionWatcher(zh=103fb20,type=ZOO_SESSION_EVENT,state=3)
20211128 03:06:14 ZookeeperClient::connectingSessionWatcher()
20211128 03:06:39 ZookeeperClient::sessionWatcher(zh=103fb20,type=ZOO_SESSION_EVENT,state=1)
20211128 03:06:41 ZookeeperClient::connectingSessionWatcher()
20211128 03:06:51 ZookeeperClient::sessionWatcher(zh=103fb20,type=ZOO_SESSION_EVENT,state=-112)
20211128 03:06:51 ZookeeperClient::connectingSessionWatcher()
20211128 03:06:52 ZookeeperClient::reConnectServer()
20211128 03:08:11 ZookeeperClient::closeServer()
20211128 03:08:13 ZookeeperClient::connectServer()
20211128 03:08:16 ZookeeperClient::existsNode, but zkhandle=NULL,reconnect...
20211128 03:08:24 ZookeeperClient::reConnectServer()
20211128 03:08:24 ZookeeperClient::closeServer()
20211128 03:08:24 ZookeeperClient::connectServer()
20211128 03:08:25 ZookeeperClient::sessionWatcher(zh=dc000d00,type=ZOO_SESSION_EVENT,state=3)
20211128 03:08:26 ZookeeperClient::sessionWatcher(zh=103fb20,type=ZOO_SESSION_EVENT,state=3)
20211128 03:08:27 ZookeeperClient::connectingSessionWatcher()
20211128 03:08:28 ZookeeperClient::connectingSessionWatcher()
20211128 03:14:00 ZookeeperClient::sessionWatcher(zh=dc000d00,type=ZOO_SESSION_EVENT,state=1)
20211128 03:14:00 ZookeeperClient::sessionWatcher(zh=103fb20,type=ZOO_SESSION_EVENT,state=1)
20211128 03:14:00 ZookeeperClient::connectingSessionWatcher()
20211128 03:14:00 ZookeeperClient::connectingSessionWatcher()
20211128 03:14:00 ZookeeperClient::sessionWatcher(zh=103fb20,type=ZOO_SESSION_EVENT,state=-112)
20211128 03:14:00 ZookeeperClient::connectingSessionWatcher()
20211128 03:14:00 ZookeeperClient::reConnectServer()
20211128 03:14:00 ZookeeperClient::closeServer()
20211128 03:14:00 ZookeeperClient::connectServer()
20211128 03:14:01 ZookeeperClient::sessionWatcher(zh=c8000d00,type=ZOO_SESSION_EVENT,state=3)
20211128 03:14:01 ZookeeperClient::connectingSessionWatcher()
20211128 03:14:10 ZookeeperClient::sessionWatcher(zh=dc000d00,type=ZOO_SESSION_EVENT,state=-112)
20211128 03:14:10 ZookeeperClient::connectingSessionWatcher()
20211128 03:14:10 ZookeeperClient::reConnectServer()
20211128 03:14:10 ZookeeperClient::closeServer()
20211128 03:14:10 ZookeeperClient::connectServer()
20211128 03:14:11 ZookeeperClient::sessionWatcher(zh=e4000de0,type=ZOO_SESSION_EVENT,state=3)
20211128 03:14:11 ZookeeperClient::connectingSessionWatcher()
20211129 15:40:57 ZookeeperClient::ZookeeperClient(192.168.2.209:2181,30000,0)
20211129 15:40:57 ZookeeperClient::connectServer()
20211129 15:40:57 ZookeeperClient::sessionWatcher(zh=103fb20,type=ZOO_SESSION_EVENT,state=3)
20211129 15:40:57 ZookeeperClient::connectingSessionWatcher()
20211129 15:41:19 ZookeeperClient::ZookeeperClient(192.168.2.209:2181,30000,0)
20211129 15:41:19 ZookeeperClient::connectServer()
20211129 15:41:20 ZookeeperClient::sessionWatcher(zh=103fb20,type=ZOO_SESSION_EVENT,state=3)
20211129 15:41:20 ZookeeperClient::connectingSessionWatcher()
20211129 15:41:50 ZookeeperClient::sessionWatcher(zh=103fb20,type=ZOO_SESSION_EVENT,state=1)
20211129 15:41:50 ZookeeperClient::connectingSessionWatcher()
20211129 15:41:56 ZookeeperClient::sessionWatcher(zh=103fb20,type=ZOO_SESSION_EVENT,state=-112)
20211129 15:41:56 ZookeeperClient::connectingSessionWatcher()
20211129 15:41:56 ZookeeperClient::reConnectServer()
20211129 15:41:56 ZookeeperClient::closeServer()
20211129 15:41:56 ZookeeperClient::connectServer()
20211129 15:41:56 ZookeeperClient::sessionWatcher(zh=dc000d00,type=ZOO_SESSION_EVENT,state=3)
20211129 15:41:56 ZookeeperClient::connectingSessionWatcher()
20211210 03:48:41 ZookeeperClient::ZookeeperClient(192.168.2.209:2181,30000,0)
20211210 03:48:41 ZookeeperClient::connectServer()
20211210 03:48:42 ZookeeperClient::sessionWatcher(zh=103fb20,type=ZOO_SESSION_EVENT,state=3)
20211210 03:49:38 ZookeeperClient::connectingSessionWatcher()
20211210 03:50:13 ZookeeperClient::sessionWatcher(zh=103fb20,type=ZOO_SESSION_EVENT,state=1)
20211210 03:50:15 ZookeeperClient::connectingSessionWatcher()
20211210 03:50:15 ZookeeperClient::sessionWatcher(zh=103fb20,type=ZOO_SESSION_EVENT,state=-112)
20211210 03:50:15 ZookeeperClient::connectingSessionWatcher()
20211210 03:50:15 ZookeeperClient::reConnectServer()
20211210 03:50:15 ZookeeperClient::closeServer()
20211210 03:50:15 ZookeeperClient::connectServer()
20211210 03:50:15 ZookeeperClient::sessionWatcher(zh=dc000cf0,type=ZOO_SESSION_EVENT,state=3)
20211210 03:50:15 ZookeeperClient::connectingSessionWatcher()
20211210 03:53:08 ZookeeperClient::sessionWatcher(zh=dc000cf0,type=ZOO_SESSION_EVENT,state=1)
20211210 03:53:08 ZookeeperClient::connectingSessionWatcher()
20211210 03:53:08 ZookeeperClient::sessionWatcher(zh=dc000cf0,type=ZOO_SESSION_EVENT,state=-112)
20211210 03:53:08 ZookeeperClient::connectingSessionWatcher()
20211210 03:53:08 ZookeeperClient::reConnectServer()
20211210 03:53:08 ZookeeperClient::closeServer()
20211210 03:53:08 ZookeeperClient::connectServer()
20211210 03:53:13 ZookeeperClient::existsNode, but zkhandle=NULL,reconnect...
20211210 03:53:13 ZookeeperClient::reConnectServer()
20211210 03:53:13 ZookeeperClient::closeServer()
20211210 03:53:15 ZookeeperClient::connectServer()
20211210 03:53:17 ZookeeperClient::sessionWatcher(zh=1054870,type=ZOO_SESSION_EVENT,state=3)
20211210 03:53:18 ZookeeperClient::connectingSessionWatcher()
20211210 03:54:48 ZookeeperClient::sessionWatcher(zh=1054870,type=ZOO_SESSION_EVENT,state=1)
20211210 03:54:48 ZookeeperClient::connectingSessionWatcher()
20211210 03:54:48 ZookeeperClient::sessionWatcher(zh=1054870,type=ZOO_SESSION_EVENT,state=-112)
20211210 03:54:48 ZookeeperClient::connectingSessionWatcher()
20211210 03:54:48 ZookeeperClient::reConnectServer()
20211210 03:54:48 ZookeeperClient::closeServer()
20211210 03:54:48 ZookeeperClient::connectServer()
20211210 03:54:55 ZookeeperClient::sessionWatcher(zh=dc000cf0,type=ZOO_SESSION_EVENT,state=3)
20211210 03:55:01 ZookeeperClient::connectingSessionWatcher()
20211210 03:55:46 ZookeeperClient::sessionWatcher(zh=dc000cf0,type=ZOO_SESSION_EVENT,state=1)
20211210 03:55:50 ZookeeperClient::connectingSessionWatcher()
20211210 03:55:50 ZookeeperClient::sessionWatcher(zh=dc000cf0,type=ZOO_SESSION_EVENT,state=3)
20211210 03:55:50 ZookeeperClient::connectingSessionWatcher()
20211210 03:59:00 ZookeeperClient::sessionWatcher(zh=dc000cf0,type=ZOO_SESSION_EVENT,state=1)
20211210 03:59:00 ZookeeperClient::connectingSessionWatcher()
20211210 03:59:00 ZookeeperClient::sessionWatcher(zh=dc000cf0,type=ZOO_SESSION_EVENT,state=-112)
20211210 03:59:00 ZookeeperClient::connectingSessionWatcher()
20211210 03:59:00 ZookeeperClient::reConnectServer()
20211210 03:59:00 ZookeeperClient::closeServer()
20211210 03:59:00 ZookeeperClient::connectServer()
20211210 03:59:00 ZookeeperClient::sessionWatcher(zh=e4000e00,type=ZOO_SESSION_EVENT,state=3)
20211210 03:59:00 ZookeeperClient::connectingSessionWatcher()
20211210 03:59:48 ZookeeperClient::sessionWatcher(zh=e4000e00,type=ZOO_SESSION_EVENT,state=1)
20211210 03:59:48 ZookeeperClient::connectingSessionWatcher()
20211210 03:59:48 ZookeeperClient::sessionWatcher(zh=e4000e00,type=ZOO_SESSION_EVENT,state=3)
20211210 03:59:48 ZookeeperClient::connectingSessionWatcher()
20211210 04:00:34 ZookeeperClient::sessionWatcher(zh=e4000e00,type=ZOO_SESSION_EVENT,state=1)
20211210 04:00:34 ZookeeperClient::connectingSessionWatcher()
20211210 04:01:52 ZookeeperClient::sessionWatcher(zh=e4000e00,type=ZOO_SESSION_EVENT,state=-112)
20211210 04:01:52 ZookeeperClient::connectingSessionWatcher()
20211210 04:01:54 ZookeeperClient::reConnectServer()
20211210 04:01:54 ZookeeperClient::closeServer()
20211210 04:01:54 ZookeeperClient::connectServer()
20211210 04:01:55 ZookeeperClient::sessionWatcher(zh=dc000cf0,type=ZOO_SESSION_EVENT,state=3)
20211210 04:01:55 ZookeeperClient::connectingSessionWatcher()
20211210 04:05:44 ZookeeperClient::ZookeeperClient(192.168.2.209:2181,30000,0)
20211210 04:05:44 ZookeeperClient::connectServer()
20211210 04:05:44 ZookeeperClient::sessionWatcher(zh=103fb20,type=ZOO_SESSION_EVENT,state=3)
20211210 04:05:44 ZookeeperClient::connectingSessionWatcher()
20211210 17:48:25 ZookeeperClient::ZookeeperClient(192.168.2.209:2181,30000,0)
20211210 17:48:25 ZookeeperClient::connectServer()
20211210 17:48:25 ZookeeperClient::sessionWatcher(zh=103fb20,type=ZOO_SESSION_EVENT,state=3)
20211210 17:48:25 ZookeeperClient::connectingSessionWatcher()
20211210 17:50:46 ZookeeperClient::sessionWatcher(zh=103fb20,type=ZOO_SESSION_EVENT,state=1)
20211210 17:50:46 ZookeeperClient::connectingSessionWatcher()
20211210 17:50:46 ZookeeperClient::sessionWatcher(zh=103fb20,type=ZOO_SESSION_EVENT,state=-112)
20211210 17:50:46 ZookeeperClient::connectingSessionWatcher()
20211210 17:50:46 ZookeeperClient::reConnectServer()
20211210 17:50:46 ZookeeperClient::closeServer()
20211210 17:50:46 ZookeeperClient::connectServer()
20211210 17:50:46 ZookeeperClient::sessionWatcher(zh=dc000d00,type=ZOO_SESSION_EVENT,state=3)
20211210 17:50:46 ZookeeperClient::connectingSessionWatcher()
20211210 18:02:56 ZookeeperClient::ZookeeperClient(192.168.2.209:2181,30000,0)
20211210 18:02:56 ZookeeperClient::connectServer()
20211210 18:02:57 ZookeeperClient::sessionWatcher(zh=103fb20,type=ZOO_SESSION_EVENT,state=3)
20211210 18:02:57 ZookeeperClient::connectingSessionWatcher()
20211210 21:32:36 ZookeeperClient::ZookeeperClient(192.168.2.209:2181,30000,0)
20211210 21:32:36 ZookeeperClient::connectServer()
20211210 21:32:36 ZookeeperClient::sessionWatcher(zh=103fb20,type=ZOO_SESSION_EVENT,state=3)
20211210 21:32:36 ZookeeperClient::connectingSessionWatcher()
20211210 22:23:05 ZookeeperClient::ZookeeperClient(192.168.2.209:2181,30000,0)
20211210 22:23:05 ZookeeperClient::connectServer()
20211210 22:23:05 ZookeeperClient::sessionWatcher(zh=103fb20,type=ZOO_SESSION_EVENT,state=3)
20211210 22:23:05 ZookeeperClient::connectingSessionWatcher()
20211216 18:01:04 ZookeeperClient::ZookeeperClient(192.168.2.209:2181,30000,0)
20211216 18:01:04 ZookeeperClient::connectServer()
20211216 18:01:04 ZookeeperClient::sessionWatcher(zh=103fb20,type=ZOO_SESSION_EVENT,state=3)
20211216 18:01:04 ZookeeperClient::connectingSessionWatcher()
20211216 18:05:29 ZookeeperClient::sessionWatcher(zh=103fb20,type=ZOO_SESSION_EVENT,state=1)
20211216 18:05:29 ZookeeperClient::connectingSessionWatcher()
20211216 18:05:29 ZookeeperClient::sessionWatcher(zh=103fb20,type=ZOO_SESSION_EVENT,state=-112)
20211216 18:05:29 ZookeeperClient::connectingSessionWatcher()
20211216 18:05:29 ZookeeperClient::reConnectServer()
20211216 18:05:29 ZookeeperClient::closeServer()
20211216 18:05:29 ZookeeperClient::connectServer()
20211216 18:05:29 ZookeeperClient::sessionWatcher(zh=dc000d00,type=ZOO_SESSION_EVENT,state=3)
20211216 18:05:29 ZookeeperClient::connectingSessionWatcher()
20211216 18:10:56 ZookeeperClient::sessionWatcher(zh=dc000d00,type=ZOO_SESSION_EVENT,state=1)
20211216 18:10:56 ZookeeperClient::connectingSessionWatcher()
20211216 18:10:56 ZookeeperClient::sessionWatcher(zh=dc000d00,type=ZOO_SESSION_EVENT,state=3)
20211216 18:10:56 ZookeeperClient::connectingSessionWatcher()
20211216 18:14:22 ZookeeperClient::sessionWatcher(zh=dc000d00,type=ZOO_SESSION_EVENT,state=1)
20211216 18:14:22 ZookeeperClient::connectingSessionWatcher()
20211216 18:14:26 ZookeeperClient::sessionWatcher(zh=dc000d00,type=ZOO_SESSION_EVENT,state=3)
20211216 18:14:26 ZookeeperClient::connectingSessionWatcher()
20211216 18:16:13 ZookeeperClient::ZookeeperClient(192.168.2.209:2181,30000,0)
20211216 18:16:13 ZookeeperClient::connectServer()
20211216 18:16:13 ZookeeperClient::sessionWatcher(zh=103fb20,type=ZOO_SESSION_EVENT,state=3)
20211216 18:16:13 ZookeeperClient::connectingSessionWatcher()
20211216 18:22:19 ZookeeperClient::ZookeeperClient(192.168.2.209:2181,30000,0)
20211216 18:22:19 ZookeeperClient::connectServer()
20211216 18:22:19 ZookeeperClient::sessionWatcher(zh=103fb20,type=ZOO_SESSION_EVENT,state=3)
20211216 18:22:19 ZookeeperClient::connectingSessionWatcher()
20211216 18:40:47 ZookeeperClient::ZookeeperClient(192.168.2.209:2181,30000,0)
20211216 18:40:47 ZookeeperClient::connectServer()
20211216 18:40:47 ZookeeperClient::sessionWatcher(zh=103fb20,type=ZOO_SESSION_EVENT,state=3)
20211216 18:40:47 ZookeeperClient::connectingSessionWatcher()
20211216 18:48:56 ZookeeperClient::ZookeeperClient(192.168.2.209:2181,30000,0)
20211216 18:48:56 ZookeeperClient::connectServer()
20211216 18:48:57 ZookeeperClient::sessionWatcher(zh=103fd00,type=ZOO_SESSION_EVENT,state=3)
20211216 18:48:57 ZookeeperClient::connectingSessionWatcher()
20211217 03:20:33 ZookeeperClient::ZookeeperClient(192.168.2.209:2181,30000,0)
20211217 03:20:33 ZookeeperClient::connectServer()
20211217 03:21:20 ZookeeperClient::ZookeeperClient(192.168.2.209:2181,30000,0)
20211217 03:21:20 ZookeeperClient::connectServer()
20211217 03:21:21 ZookeeperClient::sessionWatcher(zh=103fd00,type=ZOO_SESSION_EVENT,state=3)
20211217 03:21:21 ZookeeperClient::connectingSessionWatcher()
20211217 03:24:08 ZookeeperClient::ZookeeperClient(192.168.2.209:2181,30000,0)
20211217 03:24:08 ZookeeperClient::connectServer()
20211217 03:24:09 ZookeeperClient::sessionWatcher(zh=103fb20,type=ZOO_SESSION_EVENT,state=3)
20211217 03:24:09 ZookeeperClient::connectingSessionWatcher()
20211218 00:21:04 ZookeeperClient::ZookeeperClient(192.168.2.209:2181,30000,0)
20211218 00:21:04 ZookeeperClient::connectServer()
20211218 00:21:05 ZookeeperClient::sessionWatcher(zh=103fb20,type=ZOO_SESSION_EVENT,state=3)
20211218 00:21:05 ZookeeperClient::connectingSessionWatcher()
20220425 18:22:36 ZookeeperClient::ZookeeperClient(192.168.2.209:2181,30000,0)
20220425 18:22:36 ZookeeperClient::connectServer()
20220425 18:22:57 ZookeeperClient::sessionWatcher(zh=1040a20,type=ZOO_SESSION_EVENT,state=3)
20220425 18:22:57 ZookeeperClient::connectingSessionWatcher()
20220425 18:23:21 ZookeeperClient::ZookeeperClient(192.168.2.209:2181,30000,0)
20220425 18:23:21 ZookeeperClient::connectServer()
20220425 18:23:26 ZookeeperClient::sessionWatcher(zh=1040a20,type=ZOO_SESSION_EVENT,state=3)
20220425 18:23:26 ZookeeperClient::connectingSessionWatcher()
20220425 18:24:58 ZookeeperClient::sessionWatcher(zh=1040a20,type=ZOO_SESSION_EVENT,state=1)
20220425 18:25:00 ZookeeperClient::connectingSessionWatcher()
20220425 18:25:28 ZookeeperClient::ZookeeperClient(192.168.2.209:2181,30000,0)
20220425 18:25:28 ZookeeperClient::connectServer()
20220425 18:25:41 ZookeeperClient::sessionWatcher(zh=1040a20,type=ZOO_SESSION_EVENT,state=3)
20220425 18:25:41 ZookeeperClient::connectingSessionWatcher()
20220716 20:25:44 ZookeeperClient::ZookeeperClient(192.168.2.209:2181,30000,0)
20220716 20:25:44 ZookeeperClient::connectServer()
20220716 20:25:44 ZookeeperClient::sessionWatcher(zh=1047060,type=ZOO_SESSION_EVENT,state=3)
20220716 20:25:44 ZookeeperClient::connectingSessionWatcher()
20220716 20:26:04 ZookeeperClient::ZookeeperClient(192.168.2.209:2181,30000,0)
20220716 20:26:04 ZookeeperClient::connectServer()
20220716 20:26:04 ZookeeperClient::sessionWatcher(zh=1046e80,type=ZOO_SESSION_EVENT,state=3)
20220716 20:26:04 ZookeeperClient::connectingSessionWatcher()
20220716 20:27:33 ZookeeperClient::sessionWatcher(zh=1046e80,type=ZOO_SESSION_EVENT,state=1)
20220716 20:27:33 ZookeeperClient::connectingSessionWatcher()
20220716 20:27:49 ZookeeperClient::sessionWatcher(zh=1046e80,type=ZOO_SESSION_EVENT,state=-112)
20220716 20:27:52 ZookeeperClient::connectingSessionWatcher()
20220716 20:27:55 ZookeeperClient::reConnectServer()
20220716 20:27:56 ZookeeperClient::closeServer()
20220716 20:27:56 ZookeeperClient::connectServer()
20220716 20:28:37 ZookeeperClient::sessionWatcher(zh=dc000d00,type=ZOO_SESSION_EVENT,state=3)
20220716 20:28:37 ZookeeperClient::connectingSessionWatcher()
20220716 20:29:58 ZookeeperClient::sessionWatcher(zh=dc000d00,type=ZOO_SESSION_EVENT,state=1)
20220716 20:29:58 ZookeeperClient::connectingSessionWatcher()
20220716 20:30:08 ZookeeperClient::sessionWatcher(zh=dc000d00,type=ZOO_SESSION_EVENT,state=-112)
20220716 20:30:08 ZookeeperClient::connectingSessionWatcher()
20220716 20:30:08 ZookeeperClient::reConnectServer()
20220716 20:30:08 ZookeeperClient::closeServer()
20220716 20:30:08 ZookeeperClient::connectServer()
20220716 20:30:08 ZookeeperClient::sessionWatcher(zh=e4000e00,type=ZOO_SESSION_EVENT,state=3)
20220716 20:30:08 ZookeeperClient::connectingSessionWatcher()
20220716 20:34:19 ZookeeperClient::ZookeeperClient(192.168.2.209:2181,30000,0)
20220716 20:34:19 ZookeeperClient::connectServer()
20220716 20:34:19 ZookeeperClient::sessionWatcher(zh=1047060,type=ZOO_SESSION_EVENT,state=3)
20220716 20:34:19 ZookeeperClient::connectingSessionWatcher()
20220716 20:38:27 ZookeeperClient::ZookeeperClient(192.168.2.209:2181,30000,0)
20220716 20:38:27 ZookeeperClient::connectServer()
20220716 20:38:28 ZookeeperClient::sessionWatcher(zh=1046e80,type=ZOO_SESSION_EVENT,state=3)
20220716 20:38:28 ZookeeperClient::connectingSessionWatcher()
