Build started 2018/5/14 11:46:54.
     1>Project "F:\SVN\common\linux\lsm\iocp\msdev\libIOCPLib.vcxproj" on node 2 (build target(s)).
     1>InitializeBuildStatus:
         Creating "Debug\libIOCPLib.unsuccessfulbuild" because "AlwaysCreate" was specified.
       ClCompile:
         All outputs are up-to-date.
         E:\Program Files (x86)\Microsoft Visual Studio 10.0\VC\bin\CL.exe /c /ZI /nologo /W3 /WX- /Od /Oy- /D WIN32 /D _DEBUG /D _CONSOLE /D _MBCS /Gm /EHsc /RTC1 /MTd /GS /fp:precise /Zc:wchar_t /Zc:forScope /Fo"Debug\\" /Fd"Debug\vc100.pdb" /Gd /TP /analyze- /errorReport:prompt ..\libnet.cpp
         libnet.cpp
       ManifestResourceCompile:
         All outputs are up-to-date.
       Link:
         E:\Program Files (x86)\Microsoft Visual Studio 10.0\VC\bin\link.exe /ERRORREPORT:PROMPT /OUT:"F:\SVN\common\linux\lsm\iocp\msdev\Debug\libIOCPLib.exe" /INCREMENTAL /NOLOGO lib_acl_vc2010d.lib lib_acl_cpp_vc2010d.lib kernel32.lib user32.lib gdi32.lib winspool.lib comdlg32.lib advapi32.lib shell32.lib ole32.lib oleaut32.lib uuid.lib odbc32.lib odbccp32.lib kernel32.lib user32.lib gdi32.lib winspool.lib comdlg32.lib advapi32.lib shell32.lib ole32.lib oleaut32.lib uuid.lib odbc32.lib odbccp32.lib /MANIFEST /ManifestFile:"Debug\libIOCPLib.exe.intermediate.manifest" /MANIFESTUAC:"level='asInvoker' uiAccess='false'" /DEBUG /PDB:"F:\SVN\common\linux\lsm\iocp\msdev\Debug\libIOCPLib.pdb" /SUBSYSTEM:CONSOLE /TLBID:1 /DYNAMICBASE /NXCOMPAT /IMPLIB:"F:\SVN\common\linux\lsm\iocp\msdev\Debug\libIOCPLib.lib" /MACHINE:X86 Debug\libIOCPLib.exe.embed.manifest.res
         Debug\libnet.obj
         Debug\test.obj
         Debug\stdafx.obj
       Manifest:
         C:\Program Files (x86)\Microsoft SDKs\Windows\v7.0A\bin\mt.exe /nologo /verbose /out:"Debug\libIOCPLib.exe.embed.manifest" /manifest Debug\libIOCPLib.exe.intermediate.manifest
         All outputs are up-to-date.
       LinkEmbedManifest:
         All outputs are up-to-date.
         libIOCPLib.vcxproj -> F:\SVN\common\linux\lsm\iocp\msdev\Debug\libIOCPLib.exe
       FinalizeBuildStatus:
         Deleting file "Debug\libIOCPLib.unsuccessfulbuild".
         Touching "Debug\libIOCPLib.lastbuildstate".
     1>Done Building Project "F:\SVN\common\linux\lsm\iocp\msdev\libIOCPLib.vcxproj" (build target(s)).

Build succeeded.

Time Elapsed 00:00:01.26
